2025-06-23 18:32:36,330 - INFO - -- Iniciando ETL --
2025-06-23 18:32:36,372 - INFO - Arquivo processado com sucesso no caminho: data/vendas_loja.csv
2025-06-23 18:32:36,373 - INFO - 100 registros extraídos
2025-06-23 18:32:36,393 - INFO - Transformação de dados concluído com sucesso...
2025-06-23 18:32:36,393 - INFO - 84 registros após transformação
2025-06-23 18:32:36,672 - INFO - 84 registros carregados na tabela vendas
2025-06-23 18:32:36,905 - INFO - Cálculo de total por estado executado com sucesso!!
2025-06-23 18:32:36,905 - INFO - Conexão finalizada...
2025-06-23 18:32:37,093 - INFO - Cálculo de total por categoria executado com sucesso!!
2025-06-23 18:32:37,094 - INFO - Conexão finalizada...
2025-06-23 18:32:37,791 - INFO - Dados inseridos com sucesso na tabela vendas com 84 registros
2025-06-23 18:32:38,123 - INFO - A tabela resuvendasest foi criada e os dados inseridos totalizando 6
2025-06-23 18:32:38,124 - INFO - -- ETL Finalizada com sucesso --
2025-06-23 18:41:26,025 - INFO - -- Iniciando ETL --
2025-06-23 18:41:26,061 - INFO - Arquivo processado com sucesso no caminho: data/vendas_loja.csv
2025-06-23 18:41:26,061 - INFO - 100 registros extraídos
2025-06-23 18:41:26,088 - INFO - Transformação de dados concluído com sucesso...
2025-06-23 18:41:26,089 - INFO - 84 registros após transformação
2025-06-23 18:41:26,338 - INFO - 84 registros carregados na tabela vendas
2025-06-23 18:41:26,592 - INFO - Cálculo de total por estado executado com sucesso!!
2025-06-23 18:41:26,593 - INFO - Conexão finalizada...
2025-06-23 18:41:26,870 - INFO - Cálculo de total por categoria executado com sucesso!!
2025-06-23 18:41:26,870 - INFO - Conexão finalizada...
2025-06-23 18:41:28,491 - INFO - Dados inseridos com sucesso na tabela vendas com 84 registros
2025-06-23 18:41:28,912 - INFO - A tabela resuvendasest foi criada e os dados inseridos totalizando 6
2025-06-23 18:41:29,533 - INFO - A tabela resuvendascat foi criada com sucesso com 6 registros
2025-06-23 18:41:29,534 - INFO - -- ETL Finalizada com sucesso --
2025-06-23 19:13:30,049 - INFO - -- Iniciando ETL --
2025-06-23 19:13:30,150 - INFO - Arquivo processado com sucesso no caminho: data/vendas_loja.csv
2025-06-23 19:13:30,151 - INFO - 100 registros extraídos
2025-06-23 19:13:30,370 - INFO - Transformação de dados concluído com sucesso...
2025-06-23 19:13:30,371 - INFO - 84 registros após transformação
2025-06-23 19:13:30,833 - INFO - 84 registros carregados na tabela vendas
2025-06-23 19:13:33,554 - INFO - Dados inseridos com sucesso na tabela vendas com 84 registros
2025-06-23 19:13:33,975 - INFO - A tabela resuvendasest foi criada e os dados inseridos totalizando 6
2025-06-23 19:13:34,330 - INFO - A tabela resuvendascat foi criada com sucesso com 6 registros
2025-06-23 19:13:34,330 - INFO - -- ETL Finalizada com sucesso --
2025-06-24 20:35:41,881 - INFO - -- Iniciando ETL --
2025-06-24 20:35:42,034 - INFO - Arquivo processado com sucesso no caminho: data/vendas_loja.csv
2025-06-24 20:35:42,035 - INFO - 100 registros extraídos
2025-06-24 20:35:42,244 - INFO - Transformação de dados concluído com sucesso...
2025-06-24 20:35:42,244 - INFO - 84 registros após transformação
2025-06-24 20:35:45,765 - INFO - Dados inseridos com sucesso na tabela vendas com 84 registros
2025-06-24 20:35:46,397 - INFO - A tabela resuvendasest foi criada e os dados inseridos totalizando 6
2025-06-24 20:35:46,793 - INFO - A tabela resuvendascat foi criada com sucesso com 6 registros
2025-06-24 20:35:46,793 - INFO - -- ETL Finalizada com sucesso --
2025-06-24 20:40:13,918 - INFO - -- Iniciando ETL --
2025-06-24 20:40:14,071 - INFO - Arquivo processado com sucesso no caminho: data/vendas_loja.csv
2025-06-24 20:40:14,072 - INFO - 100 registros extraídos
2025-06-24 20:40:14,211 - ERROR - Ocorreu erro no processo de transformação dos dados: Can only use .dt accessor with datetimelike values
2025-06-24 20:40:14,212 - INFO - Ocorreu erro no job ETL: Can only use .dt accessor with datetimelike values
